<?xml version="1.0" encoding="UTF-8"?>
<testng-results ignored="0" total="2" passed="2" failed="0" skipped="0">
  <reporter-output>
    <line>
      <![CDATA[Hello VB]]>
    </line>
    <line>
      <![CDATA[Hello java]]>
    </line>
  </reporter-output>
  <suite started-at="2021-12-13T18:55:34 IST" name="Suite" finished-at="2021-12-13T18:55:34 IST" duration-ms="34">
    <groups>
    </groups>
    <test started-at="2021-12-13T18:55:34 IST" name="Test" finished-at="2021-12-13T18:55:34 IST" duration-ms="34">
      <class name="scripts.Testcase2">
        <test-method signature="tc2()[pri:0, instance:scripts.Testcase2@702b8b12]" started-at="2021-12-13T18:55:34 IST" name="tc2" finished-at="2021-12-13T18:55:34 IST" duration-ms="6" status="PASS">
          <reporter-output>
            <line>
              <![CDATA[Hello VB]]>
            </line>
          </reporter-output>
        </test-method> <!-- tc2 -->
      </class> <!-- scripts.Testcase2 -->
      <class name="scripts.Testcases1">
        <test-method signature="tc1()[pri:0, instance:scripts.Testcases1@101952da]" started-at="2021-12-13T18:55:34 IST" name="tc1" finished-at="2021-12-13T18:55:34 IST" duration-ms="1" status="PASS">
          <reporter-output>
            <line>
              <![CDATA[Hello java]]>
            </line>
          </reporter-output>
        </test-method> <!-- tc1 -->
      </class> <!-- scripts.Testcases1 -->
    </test> <!-- Test -->
  </suite> <!-- Suite -->
</testng-results>
